::1 - - [19/Mar/2020:19:12:14 +0000] "GET /products HTTP/1.1" 200 - "http://localhost:222/order-history" "Mozilla/5.0 (Windows NT 10.0; Win64; x64) AppleWebKit/537.36 (KHTML, like Gecko) Chrome/80.0.3987.132 Safari/537.36"
::1 - - [19/Mar/2020:19:12:14 +0000] "GET /css/product.css HTTP/1.1" 304 - "http://localhost:222/products" "Mozilla/5.0 (Windows NT 10.0; Win64; x64) AppleWebKit/537.36 (KHTML, like Gecko) Chrome/80.0.3987.132 Safari/537.36"
::1 - - [19/Mar/2020:19:12:16 +0000] "GET / HTTP/1.1" 200 - "http://localhost:222/products" "Mozilla/5.0 (Windows NT 10.0; Win64; x64) AppleWebKit/537.36 (KHTML, like Gecko) Chrome/80.0.3987.132 Safari/537.36"
::1 - - [19/Mar/2020:19:12:16 +0000] "GET /css/product.css HTTP/1.1" 304 - "http://localhost:222/" "Mozilla/5.0 (Windows NT 10.0; Win64; x64) AppleWebKit/537.36 (KHTML, like Gecko) Chrome/80.0.3987.132 Safari/537.36"
::1 - - [19/Mar/2020:19:12:16 +0000] "GET /css/forms.css HTTP/1.1" 304 - "http://localhost:222/" "Mozilla/5.0 (Windows NT 10.0; Win64; x64) AppleWebKit/537.36 (KHTML, like Gecko) Chrome/80.0.3987.132 Safari/537.36"
::1 - - [19/Mar/2020:19:12:16 +0000] "GET /images/store2.jpg HTTP/1.1" 304 - "http://localhost:222/" "Mozilla/5.0 (Windows NT 10.0; Win64; x64) AppleWebKit/537.36 (KHTML, like Gecko) Chrome/80.0.3987.132 Safari/537.36"
::1 - - [19/Mar/2020:19:12:16 +0000] "GET /images/store1.jpeg HTTP/1.1" 304 - "http://localhost:222/" "Mozilla/5.0 (Windows NT 10.0; Win64; x64) AppleWebKit/537.36 (KHTML, like Gecko) Chrome/80.0.3987.132 Safari/537.36"
::1 - - [19/Mar/2020:19:12:16 +0000] "GET /images/store3.jpg HTTP/1.1" 304 - "http://localhost:222/" "Mozilla/5.0 (Windows NT 10.0; Win64; x64) AppleWebKit/537.36 (KHTML, like Gecko) Chrome/80.0.3987.132 Safari/537.36"
::1 - - [19/Mar/2020:20:12:43 +0000] "GET / HTTP/1.1" 200 - "-" "Mozilla/5.0 (Windows NT 10.0; Win64; x64) AppleWebKit/537.36 (KHTML, like Gecko) Chrome/80.0.3987.149 Safari/537.36"
::1 - - [19/Mar/2020:20:12:44 +0000] "GET /images/shop.jpg HTTP/1.1" 200 123438 "http://localhost:222/" "Mozilla/5.0 (Windows NT 10.0; Win64; x64) AppleWebKit/537.36 (KHTML, like Gecko) Chrome/80.0.3987.149 Safari/537.36"
::1 - - [19/Mar/2020:20:12:44 +0000] "GET /images/shop2.jpg HTTP/1.1" 200 521556 "http://localhost:222/" "Mozilla/5.0 (Windows NT 10.0; Win64; x64) AppleWebKit/537.36 (KHTML, like Gecko) Chrome/80.0.3987.149 Safari/537.36"
::1 - - [19/Mar/2020:20:12:44 +0000] "GET /images/shop1.jpg HTTP/1.1" 200 666665 "http://localhost:222/" "Mozilla/5.0 (Windows NT 10.0; Win64; x64) AppleWebKit/537.36 (KHTML, like Gecko) Chrome/80.0.3987.149 Safari/537.36"
::1 - - [19/Mar/2020:20:12:44 +0000] "GET /css/forms.css HTTP/1.1" 200 392 "http://localhost:222/" "Mozilla/5.0 (Windows NT 10.0; Win64; x64) AppleWebKit/537.36 (KHTML, like Gecko) Chrome/80.0.3987.149 Safari/537.36"
::1 - - [19/Mar/2020:20:12:44 +0000] "GET /css/product.css HTTP/1.1" 200 - "http://localhost:222/" "Mozilla/5.0 (Windows NT 10.0; Win64; x64) AppleWebKit/537.36 (KHTML, like Gecko) Chrome/80.0.3987.149 Safari/537.36"
::1 - - [19/Mar/2020:20:12:45 +0000] "GET /favicon.ico HTTP/1.1" 404 - "http://localhost:222/" "Mozilla/5.0 (Windows NT 10.0; Win64; x64) AppleWebKit/537.36 (KHTML, like Gecko) Chrome/80.0.3987.149 Safari/537.36"
::1 - - [19/Mar/2020:20:12:57 +0000] "GET /login HTTP/1.1" 200 - "http://localhost:222/" "Mozilla/5.0 (Windows NT 10.0; Win64; x64) AppleWebKit/537.36 (KHTML, like Gecko) Chrome/80.0.3987.149 Safari/537.36"
::1 - - [19/Mar/2020:20:12:57 +0000] "GET /css/forms.css HTTP/1.1" 304 - "http://localhost:222/login" "Mozilla/5.0 (Windows NT 10.0; Win64; x64) AppleWebKit/537.36 (KHTML, like Gecko) Chrome/80.0.3987.149 Safari/537.36"
::1 - - [19/Mar/2020:20:12:57 +0000] "GET /css/auth.css HTTP/1.1" 200 90 "http://localhost:222/login" "Mozilla/5.0 (Windows NT 10.0; Win64; x64) AppleWebKit/537.36 (KHTML, like Gecko) Chrome/80.0.3987.149 Safari/537.36"
::1 - - [19/Mar/2020:20:13:08 +0000] "GET /login HTTP/1.1" 200 - "http://localhost:222/login" "Mozilla/5.0 (Windows NT 10.0; Win64; x64) AppleWebKit/537.36 (KHTML, like Gecko) Chrome/80.0.3987.149 Safari/537.36"
::1 - - [19/Mar/2020:20:13:08 +0000] "POST /login HTTP/1.1" 302 56 "http://localhost:222/login" "Mozilla/5.0 (Windows NT 10.0; Win64; x64) AppleWebKit/537.36 (KHTML, like Gecko) Chrome/80.0.3987.149 Safari/537.36"
::1 - - [19/Mar/2020:20:13:08 +0000] "GET /css/forms.css HTTP/1.1" 304 - "http://localhost:222/login" "Mozilla/5.0 (Windows NT 10.0; Win64; x64) AppleWebKit/537.36 (KHTML, like Gecko) Chrome/80.0.3987.149 Safari/537.36"
::1 - - [19/Mar/2020:20:13:08 +0000] "GET /css/auth.css HTTP/1.1" 304 - "http://localhost:222/login" "Mozilla/5.0 (Windows NT 10.0; Win64; x64) AppleWebKit/537.36 (KHTML, like Gecko) Chrome/80.0.3987.149 Safari/537.36"
